<?xml version="1.0" encoding="UTF-8"?>
<testsuite xmlns:xsi="http://www.w3.org/2001/XMLSchema-instance" xsi:noNamespaceSchemaLocation="https://maven.apache.org/surefire/maven-surefire-plugin/xsd/surefire-test-report.xsd" name="accounts.client.AccountClientTests" time="5.307" tests="7" errors="0" skipped="6" failures="0">
  <properties>
[...]
</properties>
  <testcase name="createAccount_using_admin_should_return_201" classname="accounts.client.AccountClientTests" time="0">
    <skipped message="public void accounts.client.AccountClientTests.createAccount_using_admin_should_return_201() is @Disabled"/>
    <system-out><![CDATA[INFO : o.s.b.t.c.SpringBootTestContextBootstrapper - Neither @ContextConfiguration nor @ContextHierarchy found for test class [accounts.client.AccountClientTests], using SpringBootContextLoader
INFO : o.s.t.c.support.AbstractContextLoader - Could not detect default resource locations for test class [accounts.client.AccountClientTests]: no resource found for suffixes {-context.xml, Context.groovy}.
INFO : o.s.b.t.c.SpringBootTestContextBootstrapper - Loaded default TestExecutionListener class names from location [META-INF/spring.factories]: [org.springframework.security.test.context.support.WithSecurityContextTestExecutionListener, org.springframework.security.test.context.support.ReactorContextTestExecutionListener, org.springframework.test.context.web.ServletTestExecutionListener, org.springframework.test.context.support.DirtiesContextBeforeModesTestExecutionListener, org.springframework.test.context.event.ApplicationEventsTestExecutionListener, org.springframework.test.context.support.DependencyInjectionTestExecutionListener, org.springframework.test.context.support.DirtiesContextTestExecutionListener, org.springframework.test.context.transaction.TransactionalTestExecutionListener, org.springframework.test.context.jdbc.SqlScriptsTestExecutionListener, org.springframework.test.context.event.EventPublishingTestExecutionListener, org.springframework.boot.test.mock.mockito.MockitoTestExecutionListener, org.springframework.boot.test.mock.mockito.ResetMocksTestExecutionListener, org.springframework.boot.test.autoconfigure.restdocs.RestDocsTestExecutionListener, org.springframework.boot.test.autoconfigure.web.client.MockRestServiceServerResetTestExecutionListener, org.springframework.boot.test.autoconfigure.web.servlet.MockMvcPrintOnlyOnFailureTestExecutionListener, org.springframework.boot.test.autoconfigure.web.servlet.WebDriverTestExecutionListener, org.springframework.boot.test.autoconfigure.webservices.client.MockWebServiceServerTestExecutionListener]
INFO : o.s.b.t.c.SpringBootTestContextBootstrapper - Using TestExecutionListeners: [org.springframework.test.context.web.ServletTestExecutionListener@36b0fcd5, org.springframework.test.context.support.DirtiesContextBeforeModesTestExecutionListener@4fad94a7, org.springframework.test.context.event.ApplicationEventsTestExecutionListener@475835b1, org.springframework.boot.test.mock.mockito.MockitoTestExecutionListener@6326d182, org.springframework.boot.test.autoconfigure.SpringBootDependencyInjectionTestExecutionListener@5241cf67, org.springframework.test.context.support.DirtiesContextTestExecutionListener@716a7124, org.springframework.test.context.transaction.TransactionalTestExecutionListener@77192705, org.springframework.test.context.jdbc.SqlScriptsTestExecutionListener@226642a5, org.springframework.security.test.context.support.WithSecurityContextTestExecutionListener@7e809b79, org.springframework.test.context.event.EventPublishingTestExecutionListener@5cc126dc, org.springframework.security.test.context.support.ReactorContextTestExecutionListener@625e134e, org.springframework.boot.test.mock.mockito.ResetMocksTestExecutionListener@72bd06ca, org.springframework.boot.test.autoconfigure.restdocs.RestDocsTestExecutionListener@89c10b7, org.springframework.boot.test.autoconfigure.web.client.MockRestServiceServerResetTestExecutionListener@5dbe30be, org.springframework.boot.test.autoconfigure.web.servlet.MockMvcPrintOnlyOnFailureTestExecutionListener@4fe89c24, org.springframework.boot.test.autoconfigure.web.servlet.WebDriverTestExecutionListener@55795845, org.springframework.boot.test.autoconfigure.webservices.client.MockWebServiceServerTestExecutionListener@3d08f3f5]
 ::                                                         ____
 /\    ____                 ____             _              \ \ \
|/\|  / ___|___  _ __ ___  / ___| _ __  _ __(_)_ __   __ _   \ \ \
     | |   / _ \| '__/ _ \ \___ \| '_ \| '__| | '_ \ / _` |   \ \ \
     | |__| (_) | | |  __/  ___) | |_) | |  | | | | | (_| |   / / /
      \____\___/|_|  \___| |____/| .__/|_|  |_|_| |_|\__, |  / / /
 ================================|_|==================|___/=/_/_/=
   :: Core Spring Training ::                  :: v5.3.23.RELEASE ::

INFO : accounts.client.AccountClientTests - Starting AccountClientTests using Java 11.0.20 on DESKTOP-ILFONC9 with PID 14476 (started by ianpe in C:\Users\ianpe\vscodeprojects\spring_professional_path\42-security-rest)
DEBUG: accounts.client.AccountClientTests - Running with Spring Boot v2.7.5, Spring v5.3.23
INFO : accounts.client.AccountClientTests - No active profile set, falling back to 1 default profile: "default"
INFO : o.s.b.w.embedded.tomcat.TomcatWebServer - Tomcat initialized with port(s): 0 (http)
INFO : o.apache.coyote.http11.Http11NioProtocol - Initializing ProtocolHandler ["http-nio-auto-1"]
INFO : org.apache.catalina.core.StandardService - Starting service [Tomcat]
INFO : org.apache.catalina.core.StandardEngine - Starting Servlet engine: [Apache Tomcat/9.0.68]
INFO : o.a.c.c.C.[Tomcat].[localhost].[/] - Initializing Spring embedded WebApplicationContext
INFO : o.s.b.w.s.c.ServletWebServerApplicationContext - Root WebApplicationContext: initialization completed in 1477 ms
INFO : accounts.internal.JpaAccountManager - Created JPA account-manager
WARN : o.s.b.a.o.j.JpaBaseConfiguration$JpaWebConfiguration - spring.jpa.open-in-view is enabled by default. Therefore, database queries may be performed during view rendering. Explicitly configure spring.jpa.open-in-view to disable this warning
INFO : o.s.b.a.w.s.WelcomePageHandlerMapping - Adding welcome page: class path resource [static/index.html]
DEBUG: _.s.web.servlet.HandlerMapping.Mappings - 
	a.w.AccountController:
	{GET [/accounts]}: accountSummary()
	{DELETE [/accounts/{accountId}/beneficiaries/{beneficiaryName}]}: removeBeneficiary(long,String)
	{GET [/accounts/{id}]}: accountDetails(int)
	{POST [/accounts]}: createAccount(Account)
	{GET [/accounts/{accountId}/beneficiaries/{beneficiaryName}]}: getBeneficiary(int,String)
	{POST [/accounts/{accountId}/beneficiaries]}: addBeneficiary(long,String)
	{GET [/authorities]}: getAuthoritiesForUser(String)
DEBUG: _.s.web.servlet.HandlerMapping.Mappings - 
	o.s.b.a.w.s.e.BasicErrorController:
	{ [/error]}: error(HttpServletRequest)
	{ [/error], produces [text/html]}: errorHtml(HttpServletRequest,HttpServletResponse)
DEBUG: _.s.web.servlet.HandlerMapping.Mappings - 'beanNameHandlerMapping' {}
DEBUG: _.s.web.servlet.HandlerMapping.Mappings - 'resourceHandlerMapping' {/webjars/**=ResourceHttpRequestHandler [classpath [META-INF/resources/webjars/]], /**=ResourceHttpRequestHandler [classpath [META-INF/resources/], classpath [resources/], classpath [static/], classpath [public/], ServletContext [/]]}
WARN : o.s.b.a.s.s.UserDetailsServiceAutoConfiguration - 

Using generated security password: 1fc1d015-ad5a-4034-90d7-9982c3f79c71

This generated password is for development use only. Your security configuration must be updated before running your application in production.

INFO : o.s.s.web.DefaultSecurityFilterChain - Will secure any request with [org.springframework.security.web.session.DisableEncodeUrlFilter@1db5de29, org.springframework.security.web.context.request.async.WebAsyncManagerIntegrationFilter@64d1f549, org.springframework.security.web.context.SecurityContextPersistenceFilter@128ca7af, org.springframework.security.web.header.HeaderWriterFilter@5bed0ff4, org.springframework.security.web.csrf.CsrfFilter@7054c068, org.springframework.security.web.authentication.logout.LogoutFilter@5c04ec8, org.springframework.security.web.authentication.UsernamePasswordAuthenticationFilter@6a30f6b1, org.springframework.security.web.authentication.ui.DefaultLoginPageGeneratingFilter@19d0d1ab, org.springframework.security.web.authentication.ui.DefaultLogoutPageGeneratingFilter@1fb61db4, org.springframework.security.web.authentication.www.BasicAuthenticationFilter@68722de3, org.springframework.security.web.savedrequest.RequestCacheAwareFilter@811d8d6, org.springframework.security.web.servletapi.SecurityContextHolderAwareRequestFilter@7f57a7a4, org.springframework.security.web.authentication.AnonymousAuthenticationFilter@1d4e06bb, org.springframework.security.web.session.SessionManagementFilter@183a84f4, org.springframework.security.web.access.ExceptionTranslationFilter@68c47cf9, org.springframework.security.web.access.intercept.FilterSecurityInterceptor@15a6a91f]
INFO : o.apache.coyote.http11.Http11NioProtocol - Starting ProtocolHandler ["http-nio-auto-1"]
INFO : o.s.b.w.embedded.tomcat.TomcatWebServer - Tomcat started on port(s): 51839 (http) with context path ''
INFO : accounts.client.AccountClientTests - Started AccountClientTests in 4.769 seconds (JVM running for 5.736)
]]></system-out>
  </testcase>
  <testcase name="listAccounts_using_invalid_user_should_return_401" classname="accounts.client.AccountClientTests" time="0">
    <skipped message="public void accounts.client.AccountClientTests.listAccounts_using_invalid_user_should_return_401() throws java.lang.Exception is @Disabled"/>
  </testcase>
  <testcase name="createAccount_using_user_should_return_403" classname="accounts.client.AccountClientTests" time="0.141"/>
  <testcase name="listAccounts_using_valid_user_should_succeed" classname="accounts.client.AccountClientTests" time="0">
    <skipped message="public void accounts.client.AccountClientTests.listAccounts_using_valid_user_should_succeed() is @Disabled"/>
  </testcase>
  <testcase name="getAccount_using_valid_user_should_succeed" classname="accounts.client.AccountClientTests" time="0">
    <skipped message="public void accounts.client.AccountClientTests.getAccount_using_valid_user_should_succeed() is @Disabled"/>
  </testcase>
  <testcase name="listAccounts_using_valid_admin_should_succeed" classname="accounts.client.AccountClientTests" time="0">
    <skipped message="public void accounts.client.AccountClientTests.listAccounts_using_valid_admin_should_succeed() is @Disabled"/>
  </testcase>
  <testcase name="addAndDeleteBeneficiary_using_superadmin_should_succeed" classname="accounts.client.AccountClientTests" time="0">
    <skipped message="public void accounts.client.AccountClientTests.addAndDeleteBeneficiary_using_superadmin_should_succeed() is @Disabled"/>
  </testcase>
</testsuite>